<?xml version="1.0" encoding="UTF-8"?>
<testsuite xmlns:xsi="http://www.w3.org/2001/XMLSchema-instance" xsi:noNamespaceSchemaLocation="https://maven.apache.org/surefire/maven-surefire-plugin/xsd/surefire-test-report.xsd" name="TestSuite" time="29.922" tests="4" errors="0" skipped="0" failures="0">
  <properties>
    <property name="sun.desktop" value="gnome"/>
    <property name="awt.toolkit" value="sun.awt.X11.XToolkit"/>
    <property name="file.encoding.pkg" value="sun.io"/>
    <property name="java.specification.version" value="1.8"/>
    <property name="sun.cpu.isalist" value=""/>
    <property name="sun.jnu.encoding" value="UTF-8"/>
    <property name="java.class.path" value="/home/soumya/ubuntu/python/firstproject/seleniumproject/target/test-classes:/home/soumya/ubuntu/python/firstproject/seleniumproject/target/classes:/home/soumya/.m2/repository/org/seleniumhq/selenium/selenium-java/3.12.0/selenium-java-3.12.0.jar:/home/soumya/.m2/repository/org/seleniumhq/selenium/selenium-api/3.12.0/selenium-api-3.12.0.jar:/home/soumya/.m2/repository/org/seleniumhq/selenium/selenium-chrome-driver/3.12.0/selenium-chrome-driver-3.12.0.jar:/home/soumya/.m2/repository/org/seleniumhq/selenium/selenium-edge-driver/3.12.0/selenium-edge-driver-3.12.0.jar:/home/soumya/.m2/repository/org/seleniumhq/selenium/selenium-firefox-driver/3.12.0/selenium-firefox-driver-3.12.0.jar:/home/soumya/.m2/repository/org/seleniumhq/selenium/selenium-ie-driver/3.12.0/selenium-ie-driver-3.12.0.jar:/home/soumya/.m2/repository/org/seleniumhq/selenium/selenium-opera-driver/3.12.0/selenium-opera-driver-3.12.0.jar:/home/soumya/.m2/repository/org/seleniumhq/selenium/selenium-remote-driver/3.12.0/selenium-remote-driver-3.12.0.jar:/home/soumya/.m2/repository/org/seleniumhq/selenium/selenium-safari-driver/3.12.0/selenium-safari-driver-3.12.0.jar:/home/soumya/.m2/repository/org/seleniumhq/selenium/selenium-support/3.12.0/selenium-support-3.12.0.jar:/home/soumya/.m2/repository/net/bytebuddy/byte-buddy/1.8.3/byte-buddy-1.8.3.jar:/home/soumya/.m2/repository/org/apache/commons/commons-exec/1.3/commons-exec-1.3.jar:/home/soumya/.m2/repository/commons-codec/commons-codec/1.10/commons-codec-1.10.jar:/home/soumya/.m2/repository/commons-logging/commons-logging/1.2/commons-logging-1.2.jar:/home/soumya/.m2/repository/com/google/code/gson/gson/2.8.2/gson-2.8.2.jar:/home/soumya/.m2/repository/com/google/guava/guava/23.6-jre/guava-23.6-jre.jar:/home/soumya/.m2/repository/com/google/code/findbugs/jsr305/1.3.9/jsr305-1.3.9.jar:/home/soumya/.m2/repository/org/checkerframework/checker-compat-qual/2.0.0/checker-compat-qual-2.0.0.jar:/home/soumya/.m2/repository/com/google/errorprone/error_prone_annotations/2.1.3/error_prone_annotations-2.1.3.jar:/home/soumya/.m2/repository/com/google/j2objc/j2objc-annotations/1.1/j2objc-annotations-1.1.jar:/home/soumya/.m2/repository/org/codehaus/mojo/animal-sniffer-annotations/1.14/animal-sniffer-annotations-1.14.jar:/home/soumya/.m2/repository/org/apache/httpcomponents/httpclient/4.5.3/httpclient-4.5.3.jar:/home/soumya/.m2/repository/org/apache/httpcomponents/httpcore/4.4.6/httpcore-4.4.6.jar:/home/soumya/.m2/repository/com/squareup/okhttp3/okhttp/3.9.1/okhttp-3.9.1.jar:/home/soumya/.m2/repository/com/squareup/okio/okio/1.13.0/okio-1.13.0.jar:/home/soumya/.m2/repository/org/testng/testng/6.14.3/testng-6.14.3.jar:/home/soumya/.m2/repository/com/beust/jcommander/1.72/jcommander-1.72.jar:/home/soumya/.m2/repository/org/apache-extras/beanshell/bsh/2.0b6/bsh-2.0b6.jar:/home/soumya/.m2/repository/org/apache/poi/poi/3.17/poi-3.17.jar:/home/soumya/.m2/repository/org/apache/commons/commons-collections4/4.1/commons-collections4-4.1.jar:/home/soumya/.m2/repository/org/apache/poi/poi-ooxml/3.17/poi-ooxml-3.17.jar:/home/soumya/.m2/repository/org/apache/poi/poi-ooxml-schemas/3.17/poi-ooxml-schemas-3.17.jar:/home/soumya/.m2/repository/org/apache/xmlbeans/xmlbeans/2.6.0/xmlbeans-2.6.0.jar:/home/soumya/.m2/repository/stax/stax-api/1.0.1/stax-api-1.0.1.jar:/home/soumya/.m2/repository/com/github/virtuald/curvesapi/1.04/curvesapi-1.04.jar:/home/soumya/.m2/repository/commons-io/commons-io/2.6/commons-io-2.6.jar:/home/soumya/.m2/repository/org/apache/maven/surefire/surefire-testng-utils/2.22.0/surefire-testng-utils-2.22.0.jar:/home/soumya/.m2/repository/org/apache/maven/surefire/surefire-grouper/2.22.0/surefire-grouper-2.22.0.jar:"/>
    <property name="java.vm.vendor" value="Oracle Corporation"/>
    <property name="sun.arch.data.model" value="64"/>
    <property name="java.vendor.url" value="http://java.oracle.com/"/>
    <property name="user.timezone" value=""/>
    <property name="java.vm.specification.version" value="1.8"/>
    <property name="os.name" value="Linux"/>
    <property name="user.country" value="IN"/>
    <property name="sun.java.launcher" value="SUN_STANDARD"/>
    <property name="sun.boot.library.path" value="/opt/jdk1.8.0_161/jre/lib/amd64"/>
    <property name="sun.java.command" value="/home/soumya/ubuntu/python/firstproject/seleniumproject/target/surefire/surefirebooter4023658069349419509.jar /home/soumya/ubuntu/python/firstproject/seleniumproject/target/surefire 2018-06-19T14-49-13_062-jvmRun1 surefire8709633566646998327tmp surefire_08247538480533306396tmp"/>
    <property name="surefire.test.class.path" value="/home/soumya/ubuntu/python/firstproject/seleniumproject/target/test-classes:/home/soumya/ubuntu/python/firstproject/seleniumproject/target/classes:/home/soumya/.m2/repository/org/seleniumhq/selenium/selenium-java/3.12.0/selenium-java-3.12.0.jar:/home/soumya/.m2/repository/org/seleniumhq/selenium/selenium-api/3.12.0/selenium-api-3.12.0.jar:/home/soumya/.m2/repository/org/seleniumhq/selenium/selenium-chrome-driver/3.12.0/selenium-chrome-driver-3.12.0.jar:/home/soumya/.m2/repository/org/seleniumhq/selenium/selenium-edge-driver/3.12.0/selenium-edge-driver-3.12.0.jar:/home/soumya/.m2/repository/org/seleniumhq/selenium/selenium-firefox-driver/3.12.0/selenium-firefox-driver-3.12.0.jar:/home/soumya/.m2/repository/org/seleniumhq/selenium/selenium-ie-driver/3.12.0/selenium-ie-driver-3.12.0.jar:/home/soumya/.m2/repository/org/seleniumhq/selenium/selenium-opera-driver/3.12.0/selenium-opera-driver-3.12.0.jar:/home/soumya/.m2/repository/org/seleniumhq/selenium/selenium-remote-driver/3.12.0/selenium-remote-driver-3.12.0.jar:/home/soumya/.m2/repository/org/seleniumhq/selenium/selenium-safari-driver/3.12.0/selenium-safari-driver-3.12.0.jar:/home/soumya/.m2/repository/org/seleniumhq/selenium/selenium-support/3.12.0/selenium-support-3.12.0.jar:/home/soumya/.m2/repository/net/bytebuddy/byte-buddy/1.8.3/byte-buddy-1.8.3.jar:/home/soumya/.m2/repository/org/apache/commons/commons-exec/1.3/commons-exec-1.3.jar:/home/soumya/.m2/repository/commons-codec/commons-codec/1.10/commons-codec-1.10.jar:/home/soumya/.m2/repository/commons-logging/commons-logging/1.2/commons-logging-1.2.jar:/home/soumya/.m2/repository/com/google/code/gson/gson/2.8.2/gson-2.8.2.jar:/home/soumya/.m2/repository/com/google/guava/guava/23.6-jre/guava-23.6-jre.jar:/home/soumya/.m2/repository/com/google/code/findbugs/jsr305/1.3.9/jsr305-1.3.9.jar:/home/soumya/.m2/repository/org/checkerframework/checker-compat-qual/2.0.0/checker-compat-qual-2.0.0.jar:/home/soumya/.m2/repository/com/google/errorprone/error_prone_annotations/2.1.3/error_prone_annotations-2.1.3.jar:/home/soumya/.m2/repository/com/google/j2objc/j2objc-annotations/1.1/j2objc-annotations-1.1.jar:/home/soumya/.m2/repository/org/codehaus/mojo/animal-sniffer-annotations/1.14/animal-sniffer-annotations-1.14.jar:/home/soumya/.m2/repository/org/apache/httpcomponents/httpclient/4.5.3/httpclient-4.5.3.jar:/home/soumya/.m2/repository/org/apache/httpcomponents/httpcore/4.4.6/httpcore-4.4.6.jar:/home/soumya/.m2/repository/com/squareup/okhttp3/okhttp/3.9.1/okhttp-3.9.1.jar:/home/soumya/.m2/repository/com/squareup/okio/okio/1.13.0/okio-1.13.0.jar:/home/soumya/.m2/repository/org/testng/testng/6.14.3/testng-6.14.3.jar:/home/soumya/.m2/repository/com/beust/jcommander/1.72/jcommander-1.72.jar:/home/soumya/.m2/repository/org/apache-extras/beanshell/bsh/2.0b6/bsh-2.0b6.jar:/home/soumya/.m2/repository/org/apache/poi/poi/3.17/poi-3.17.jar:/home/soumya/.m2/repository/org/apache/commons/commons-collections4/4.1/commons-collections4-4.1.jar:/home/soumya/.m2/repository/org/apache/poi/poi-ooxml/3.17/poi-ooxml-3.17.jar:/home/soumya/.m2/repository/org/apache/poi/poi-ooxml-schemas/3.17/poi-ooxml-schemas-3.17.jar:/home/soumya/.m2/repository/org/apache/xmlbeans/xmlbeans/2.6.0/xmlbeans-2.6.0.jar:/home/soumya/.m2/repository/stax/stax-api/1.0.1/stax-api-1.0.1.jar:/home/soumya/.m2/repository/com/github/virtuald/curvesapi/1.04/curvesapi-1.04.jar:/home/soumya/.m2/repository/commons-io/commons-io/2.6/commons-io-2.6.jar:/home/soumya/.m2/repository/org/apache/maven/surefire/surefire-testng-utils/2.22.0/surefire-testng-utils-2.22.0.jar:/home/soumya/.m2/repository/org/apache/maven/surefire/surefire-grouper/2.22.0/surefire-grouper-2.22.0.jar:"/>
    <property name="sun.cpu.endian" value="little"/>
    <property name="user.home" value="/home/soumya"/>
    <property name="user.language" value="en"/>
    <property name="java.specification.vendor" value="Oracle Corporation"/>
    <property name="java.home" value="/opt/jdk1.8.0_161/jre"/>
    <property name="basedir" value="/home/soumya/ubuntu/python/firstproject/seleniumproject"/>
    <property name="file.separator" value="/"/>
    <property name="line.separator" value="&#10;"/>
    <property name="java.vm.specification.vendor" value="Oracle Corporation"/>
    <property name="java.specification.name" value="Java Platform API Specification"/>
    <property name="java.awt.graphicsenv" value="sun.awt.X11GraphicsEnvironment"/>
    <property name="surefire.real.class.path" value="/home/soumya/ubuntu/python/firstproject/seleniumproject/target/surefire/surefirebooter4023658069349419509.jar"/>
    <property name="sun.boot.class.path" value="/opt/jdk1.8.0_161/jre/lib/resources.jar:/opt/jdk1.8.0_161/jre/lib/rt.jar:/opt/jdk1.8.0_161/jre/lib/sunrsasign.jar:/opt/jdk1.8.0_161/jre/lib/jsse.jar:/opt/jdk1.8.0_161/jre/lib/jce.jar:/opt/jdk1.8.0_161/jre/lib/charsets.jar:/opt/jdk1.8.0_161/jre/lib/jfr.jar:/opt/jdk1.8.0_161/jre/classes"/>
    <property name="sun.management.compiler" value="HotSpot 64-Bit Tiered Compilers"/>
    <property name="java.runtime.version" value="1.8.0_161-b12"/>
    <property name="user.name" value="soumya"/>
    <property name="path.separator" value=":"/>
    <property name="os.version" value="4.15.0-23-generic"/>
    <property name="java.endorsed.dirs" value="/opt/jdk1.8.0_161/jre/lib/endorsed"/>
    <property name="java.runtime.name" value="Java(TM) SE Runtime Environment"/>
    <property name="file.encoding" value="UTF-8"/>
    <property name="java.vm.name" value="Java HotSpot(TM) 64-Bit Server VM"/>
    <property name="localRepository" value="/home/soumya/.m2/repository"/>
    <property name="java.vendor.url.bug" value="http://bugreport.sun.com/bugreport/"/>
    <property name="java.io.tmpdir" value="/tmp"/>
    <property name="java.version" value="1.8.0_161"/>
    <property name="user.dir" value="/home/soumya/ubuntu/python/firstproject/seleniumproject"/>
    <property name="os.arch" value="amd64"/>
    <property name="java.vm.specification.name" value="Java Virtual Machine Specification"/>
    <property name="java.awt.printerjob" value="sun.print.PSPrinterJob"/>
    <property name="sun.os.patch.level" value="unknown"/>
    <property name="java.library.path" value="/usr/java/packages/lib/amd64:/usr/lib64:/lib64:/lib:/usr/lib"/>
    <property name="java.vm.info" value="mixed mode"/>
    <property name="java.vendor" value="Oracle Corporation"/>
    <property name="java.vm.version" value="25.161-b12"/>
    <property name="java.ext.dirs" value="/opt/jdk1.8.0_161/jre/lib/ext:/usr/java/packages/lib/ext"/>
    <property name="sun.io.unicode.encoding" value="UnicodeLittle"/>
    <property name="java.class.version" value="52.0"/>
  </properties>
  <testcase name="simpleFormTest" classname="InputForms" time="1.87"/>
  <testcase name="simpleFormTest" classname="InputForms" time="2.64"/>
  <testcase name="checkBoxTest" classname="InputForms" time="1.298"/>
  <testcase name="checkBoxTest" classname="InputForms" time="1.81"/>
</testsuite>