<?xml version="1.0" encoding="UTF-8"?>
<!-- Generated by org.testng.reporters.JUnitReportReporter -->
<testsuite skipped="0" hostname="soumya-SVE14133CNB" name="InputForm" tests="1" failures="0" timestamp="18 Jun 2018 19:50:14 GMT" time="7.485" errors="0">
  <testcase name="inputFormsTest" time="7.485" classname="InputForm"/>
</testsuite> <!-- InputForm -->
